[ 2013-08-27T09:14:51+08:00 ] ERR: (ThinkException) 无法加载模块:favicon.ico
[ 2013-08-27T09:15:25+08:00 ] ERR: (ThinkException) 非法操作:Images
[ 2013-08-27T09:15:25+08:00 ] ERR: (ThinkException) 非法操作:Images
[ 2013-08-27T09:21:06+08:00 ] ERR: (ThinkException) 非法操作:Images
[ 2013-08-27T09:21:06+08:00 ] ERR: (ThinkException) 非法操作:Images
[ 2013-08-27T09:24:32+08:00 ] ERR: (ThinkException) 非法操作:Images
[ 2013-08-27T09:24:33+08:00 ] ERR: (ThinkException) 非法操作:Images
[ 2013-08-27T09:58:43+08:00 ] ERR: (ThinkException) 非法操作:Images
[ 2013-08-27T09:58:43+08:00 ] ERR: (ThinkException) 非法操作:Images
[ 2013-08-27T10:00:19+08:00 ] ERR: (ThinkException) 非法操作:Images
[ 2013-08-27T10:00:19+08:00 ] ERR: (ThinkException) 非法操作:Images
[ 2013-08-27T10:00:57+08:00 ] ERR: (ThinkException) 非法操作:Images
[ 2013-08-27T10:00:57+08:00 ] ERR: (ThinkException) 非法操作:Images
[ 2013-08-27T10:09:17+08:00 ] ERR: (ThinkException) 非法操作:Images
[ 2013-08-27T10:09:18+08:00 ] ERR: (ThinkException) 非法操作:Images
[ 2013-08-27T10:11:07+08:00 ] ERR: (ThinkException) 非法操作:Images
[ 2013-08-27T10:11:07+08:00 ] ERR: (ThinkException) 非法操作:Images
[ 2013-08-27T10:11:44+08:00 ] ERR: (ThinkException) 非法操作:Images
[ 2013-08-27T10:11:44+08:00 ] ERR: (ThinkException) 非法操作:Images
[ 2013-08-27T10:11:49+08:00 ] ERR: (ThinkException) 非法操作:Images
[ 2013-08-27T10:11:49+08:00 ] ERR: (ThinkException) 非法操作:Images
[ 2013-08-27T10:12:13+08:00 ] ERR: (ThinkException) 非法操作:Images
[ 2013-08-27T10:12:13+08:00 ] ERR: (ThinkException) 非法操作:Images
[ 2013-08-27T10:12:18+08:00 ] ERR: (ThinkException) 非法操作:Images
[ 2013-08-27T10:12:18+08:00 ] ERR: (ThinkException) 非法操作:Images
[ 2013-08-27T10:12:26+08:00 ] ERR: (ThinkException) 非法操作:Images
[ 2013-08-27T10:12:27+08:00 ] ERR: (ThinkException) 非法操作:Images
[ 2013-08-27T10:17:40+08:00 ] ERR: (ThinkException) 非法操作:Images
[ 2013-08-27T10:17:41+08:00 ] ERR: (ThinkException) 非法操作:Images
[ 2013-08-27T10:17:48+08:00 ] ERR: (ThinkException) 非法操作:Images
[ 2013-08-27T10:17:48+08:00 ] ERR: (ThinkException) 非法操作:Images
[ 2013-08-27T10:17:48+08:00 ] ERR: (ThinkException) 非法操作:Images
[ 2013-08-27T10:17:48+08:00 ] ERR: (ThinkException) 非法操作:Images
[ 2013-08-27T10:17:55+08:00 ] ERR: (ThinkException) 非法操作:Images
[ 2013-08-27T10:17:55+08:00 ] ERR: (ThinkException) 非法操作:Images
[ 2013-08-27T10:18:32+08:00 ] ERR: (ThinkException) 非法操作:Images
[ 2013-08-27T10:18:33+08:00 ] ERR: (ThinkException) 非法操作:Images
[ 2013-08-27T10:18:51+08:00 ] ERR: (ThinkException) 非法操作:Images
[ 2013-08-27T10:18:51+08:00 ] ERR: (ThinkException) 非法操作:Images
[ 2013-08-27T10:18:59+08:00 ] ERR: (ThinkException) 非法操作:Images
[ 2013-08-27T10:18:59+08:00 ] ERR: (ThinkException) 非法操作:Images
[ 2013-08-27T13:12:04+08:00 ] ERR: (ThinkException) 非法操作:Images
[ 2013-08-27T13:12:04+08:00 ] ERR: (ThinkException) 非法操作:Images
[ 2013-08-27T13:12:25+08:00 ] ERR: (ThinkException) 非法操作:Images
[ 2013-08-27T13:12:25+08:00 ] ERR: (ThinkException) 非法操作:Images
[ 2013-08-27T13:26:32+08:00 ] ERR: (ThinkException) 非法操作:Images
[ 2013-08-27T13:29:33+08:00 ] ERR: (ThinkException) 非法操作:Images
[ 2013-08-27T13:30:14+08:00 ] ERR: (ThinkException) 非法操作:Images
[ 2013-08-27T13:30:15+08:00 ] ERR: (ThinkException) 非法操作:Images
[ 2013-08-27T13:31:35+08:00 ] ERR: (ThinkException) 非法操作:Images
[ 2013-08-27T13:31:36+08:00 ] ERR: (ThinkException) 非法操作:Images
[ 2013-08-27T13:31:38+08:00 ] ERR: (ThinkException) 非法操作:Images
[ 2013-08-27T13:31:38+08:00 ] ERR: (ThinkException) 非法操作:Images
[ 2013-08-27T14:44:41+08:00 ] ERR: (ThinkException) 非法操作:Home
[ 2013-08-27T14:45:33+08:00 ] ERR: (ThinkException) 非法操作:Home
[ 2013-08-27T14:52:36+08:00 ] ERR: (ThinkException) 非法操作:Home
[ 2013-08-27T14:52:39+08:00 ] ERR: (ThinkException) 非法操作:Home
[ 2013-08-27T14:53:08+08:00 ] ERR: (ThinkException) 非法操作:Home
[ 2013-08-27T14:53:17+08:00 ] ERR: (ThinkException) 非法操作:Home
[ 2013-08-27T14:53:54+08:00 ] ERR: (ThinkException) 无法加载模块:Trend
[ 2013-08-27T15:04:10+08:00 ] ERR: (ThinkException) 无法加载模块:Trend
[ 2013-08-27T15:04:19+08:00 ] ERR: (ThinkException) 无法加载模块:Ilc
[ 2013-08-27T17:08:30+08:00 ] ERR: (ThinkException) 非法操作:Images
[ 2013-08-27T17:08:32+08:00 ] ERR: (ThinkException) 非法操作:Images
[ 2013-08-27T17:08:32+08:00 ] ERR: (ThinkException) 无法加载模块:html
[ 2013-08-27T17:08:32+08:00 ] ERR: (ThinkException) 无法加载模块:html
[ 2013-08-27T17:08:33+08:00 ] ERR: (ThinkException) 无法加载模块:html
[ 2013-08-27T17:08:33+08:00 ] ERR: (ThinkException) 无法加载模块:html
[ 2013-08-27T17:08:33+08:00 ] ERR: (ThinkException) 无法加载模块:html
[ 2013-08-27T17:08:33+08:00 ] ERR: (ThinkException) 无法加载模块:html
[ 2013-08-27T17:38:39+08:00 ] ERR: (ThinkException) 无法加载模块:Trend
[ 2013-08-27T17:42:53+08:00 ] ERR: (ThinkException) 非法操作:Images
[ 2013-08-27T17:42:54+08:00 ] ERR: (ThinkException) 非法操作:Images
[ 2013-08-27T17:42:54+08:00 ] ERR: (ThinkException) 无法加载模块:html
[ 2013-08-27T17:42:54+08:00 ] ERR: (ThinkException) 无法加载模块:html
[ 2013-08-27T17:42:54+08:00 ] ERR: (ThinkException) 无法加载模块:html
[ 2013-08-27T17:42:54+08:00 ] ERR: (ThinkException) 无法加载模块:html
[ 2013-08-27T17:42:54+08:00 ] ERR: (ThinkException) 无法加载模块:html
[ 2013-08-27T17:42:54+08:00 ] ERR: (ThinkException) 无法加载模块:html
[ 2013-08-27T17:42:59+08:00 ] ERR: (ThinkException) 非法操作:apps
[ 2013-08-27T17:43:02+08:00 ] ERR: (ThinkException) 非法操作:Images
[ 2013-08-27T17:43:03+08:00 ] ERR: (ThinkException) 非法操作:Images
[ 2013-08-27T17:43:03+08:00 ] ERR: (ThinkException) 无法加载模块:html
[ 2013-08-27T17:43:03+08:00 ] ERR: (ThinkException) 无法加载模块:html
[ 2013-08-27T17:43:03+08:00 ] ERR: (ThinkException) 无法加载模块:html
[ 2013-08-27T17:43:03+08:00 ] ERR: (ThinkException) 无法加载模块:html
[ 2013-08-27T17:43:04+08:00 ] ERR: (ThinkException) 无法加载模块:html
[ 2013-08-27T17:43:04+08:00 ] ERR: (ThinkException) 无法加载模块:html
[ 2013-08-27T17:44:02+08:00 ] ERR: (ThinkException) 非法操作:Images
[ 2013-08-27T17:44:03+08:00 ] ERR: (ThinkException) 非法操作:Images
[ 2013-08-27T17:44:03+08:00 ] ERR: (ThinkException) 无法加载模块:html
[ 2013-08-27T17:44:03+08:00 ] ERR: (ThinkException) 无法加载模块:html
[ 2013-08-27T17:44:03+08:00 ] ERR: (ThinkException) 无法加载模块:html
[ 2013-08-27T17:44:03+08:00 ] ERR: (ThinkException) 无法加载模块:html
[ 2013-08-27T17:44:03+08:00 ] ERR: (ThinkException) 无法加载模块:html
[ 2013-08-27T17:44:03+08:00 ] ERR: (ThinkException) 无法加载模块:html
[ 2013-08-27T17:44:09+08:00 ] ERR: (ThinkException) 非法操作:Images
[ 2013-08-27T17:44:10+08:00 ] ERR: (ThinkException) 非法操作:Images
[ 2013-08-27T17:44:10+08:00 ] ERR: (ThinkException) 无法加载模块:html
[ 2013-08-27T17:44:10+08:00 ] ERR: (ThinkException) 无法加载模块:html
[ 2013-08-27T17:44:11+08:00 ] ERR: (ThinkException) 无法加载模块:html
[ 2013-08-27T17:44:11+08:00 ] ERR: (ThinkException) 无法加载模块:html
[ 2013-08-27T17:44:11+08:00 ] ERR: (ThinkException) 无法加载模块:html
[ 2013-08-27T17:44:11+08:00 ] ERR: (ThinkException) 无法加载模块:html
