[ 2013-08-26T09:52:34+08:00 ] ERR: (ThinkException) Access denied for user 'root'@'localhost' (using password: YES)
[ 2013-08-26T09:52:34+08:00 ] ERR: (ThinkException) 无法加载模块:favicon.ico
[ 2013-08-26T09:53:50+08:00 ] ERR: (ThinkException) 非法操作:Images
[ 2013-08-26T09:53:50+08:00 ] ERR: (ThinkException) 无法加载模块:html
[ 2013-08-26T09:53:50+08:00 ] ERR: (ThinkException) 非法操作:Images
[ 2013-08-26T09:53:51+08:00 ] ERR: (ThinkException) 无法加载模块:html
[ 2013-08-26T09:53:51+08:00 ] ERR: (ThinkException) 无法加载模块:html
[ 2013-08-26T09:53:51+08:00 ] ERR: (ThinkException) 无法加载模块:html
[ 2013-08-26T09:53:51+08:00 ] ERR: (ThinkException) 无法加载模块:html
[ 2013-08-26T09:53:51+08:00 ] ERR: (ThinkException) 无法加载模块:html
[ 2013-08-26T09:53:55+08:00 ] ERR: (ThinkException) 非法操作:Js
[ 2013-08-26T09:53:55+08:00 ] ERR: (ThinkException) 非法操作:Css
[ 2013-08-26T09:54:33+08:00 ] ERR: (ThinkException) 非法操作:Js
[ 2013-08-26T09:54:33+08:00 ] ERR: (ThinkException) 非法操作:Images
[ 2013-08-26T09:54:53+08:00 ] ERR: (ThinkException) 非法操作:Js
[ 2013-08-26T09:54:53+08:00 ] ERR: (ThinkException) 非法操作:Images
[ 2013-08-26T09:57:18+08:00 ] ERR: (ThinkException) 非法操作:Js
[ 2013-08-26T09:57:19+08:00 ] ERR: (ThinkException) 非法操作:Images
[ 2013-08-26T09:57:33+08:00 ] ERR: (ThinkException) 非法操作:Images
[ 2013-08-26T09:58:19+08:00 ] ERR: (ThinkException) 非法操作:Js
[ 2013-08-26T09:58:20+08:00 ] ERR: (ThinkException) 非法操作:Images
[ 2013-08-26T09:58:57+08:00 ] ERR: (ThinkException) 非法操作:Js
[ 2013-08-26T10:03:23+08:00 ] ERR: (ThinkException) 模板不存在[./Tpl/Public/register.html]
[ 2013-08-26T10:06:00+08:00 ] ERR: (ThinkException) 非法操作:Images
[ 2013-08-26T10:06:00+08:00 ] ERR: (ThinkException) 非法操作:Images
[ 2013-08-26T10:06:01+08:00 ] ERR: (ThinkException) 非法操作:Images
[ 2013-08-26T10:06:01+08:00 ] ERR: (ThinkException) 非法操作:Images
[ 2013-08-26T10:06:01+08:00 ] ERR: (ThinkException) 非法操作:Images
[ 2013-08-26T10:06:01+08:00 ] ERR: (ThinkException) 非法操作:Images
[ 2013-08-26T10:06:01+08:00 ] ERR: (ThinkException) 非法操作:Images
[ 2013-08-26T10:06:01+08:00 ] ERR: (ThinkException) 非法操作:Images
[ 2013-08-26T10:06:01+08:00 ] ERR: (ThinkException) 非法操作:Images
[ 2013-08-26T10:06:02+08:00 ] ERR: (ThinkException) 非法操作:Css
[ 2013-08-26T10:06:02+08:00 ] ERR: (ThinkException) 非法操作:Css
[ 2013-08-26T10:06:35+08:00 ] ERR: (ThinkException) 非法操作:Css
[ 2013-08-26T10:06:39+08:00 ] ERR: (ThinkException) 非法操作:Images
[ 2013-08-26T10:06:40+08:00 ] ERR: (ThinkException) 非法操作:Images
[ 2013-08-26T10:06:40+08:00 ] ERR: (ThinkException) 非法操作:Images
[ 2013-08-26T10:06:40+08:00 ] ERR: (ThinkException) 非法操作:Images
[ 2013-08-26T10:06:40+08:00 ] ERR: (ThinkException) 非法操作:Images
[ 2013-08-26T10:06:40+08:00 ] ERR: (ThinkException) 非法操作:Images
[ 2013-08-26T10:06:40+08:00 ] ERR: (ThinkException) 非法操作:Images
[ 2013-08-26T10:06:40+08:00 ] ERR: (ThinkException) 非法操作:Images
[ 2013-08-26T10:06:40+08:00 ] ERR: (ThinkException) 非法操作:Images
[ 2013-08-26T10:06:41+08:00 ] ERR: (ThinkException) 非法操作:Css
[ 2013-08-26T10:06:43+08:00 ] ERR: (ThinkException) 非法操作:Css
[ 2013-08-26T10:09:25+08:00 ] ERR: (ThinkException) 非法操作:Css
[ 2013-08-26T10:11:00+08:00 ] ERR: (ThinkException) 非法操作:Css
[ 2013-08-26T10:11:05+08:00 ] ERR: (ThinkException) 非法操作:Css
[ 2013-08-26T10:11:05+08:00 ] ERR: (ThinkException) 非法操作:Css
[ 2013-08-26T10:11:06+08:00 ] ERR: (ThinkException) 非法操作:Css
[ 2013-08-26T10:11:10+08:00 ] ERR: (ThinkException) 非法操作:Css
[ 2013-08-26T10:33:42+08:00 ] ERR: (ThinkException) 无法加载模块:Space
[ 2013-08-26T10:34:44+08:00 ] ERR: (ThinkException) 非法操作:Css
[ 2013-08-26T10:34:45+08:00 ] ERR: (ThinkException) 非法操作:Css
[ 2013-08-26T10:34:46+08:00 ] ERR: (ThinkException) 非法操作:Css
[ 2013-08-26T10:34:46+08:00 ] ERR: (ThinkException) 非法操作:Css
[ 2013-08-26T10:34:47+08:00 ] ERR: (ThinkException) 非法操作:Css
[ 2013-08-26T10:34:48+08:00 ] ERR: (ThinkException) 非法操作:Css
[ 2013-08-26T10:35:15+08:00 ] ERR: (ThinkException) 非法操作:Css
[ 2013-08-26T10:35:28+08:00 ] ERR: (ThinkException) 非法操作:Css
[ 2013-08-26T10:35:28+08:00 ] ERR: (ThinkException) 非法操作:Css
[ 2013-08-26T10:35:39+08:00 ] ERR: (ThinkException) 非法操作:Css
[ 2013-08-26T10:35:41+08:00 ] ERR: (ThinkException) 非法操作:Css
[ 2013-08-26T10:35:41+08:00 ] ERR: (ThinkException) 非法操作:Css
[ 2013-08-26T10:35:41+08:00 ] ERR: (ThinkException) 非法操作:Css
[ 2013-08-26T10:36:52+08:00 ] ERR: (ThinkException) 非法操作:Images
[ 2013-08-26T10:36:53+08:00 ] ERR: (ThinkException) 非法操作:Images
[ 2013-08-26T10:36:54+08:00 ] ERR: (ThinkException) 无法加载模块:html
[ 2013-08-26T10:36:54+08:00 ] ERR: (ThinkException) 无法加载模块:html
[ 2013-08-26T10:36:54+08:00 ] ERR: (ThinkException) 无法加载模块:html
[ 2013-08-26T10:36:54+08:00 ] ERR: (ThinkException) 无法加载模块:html
[ 2013-08-26T10:36:54+08:00 ] ERR: (ThinkException) 无法加载模块:html
[ 2013-08-26T10:36:54+08:00 ] ERR: (ThinkException) 无法加载模块:html
[ 2013-08-26T10:36:58+08:00 ] ERR: (ThinkException) 非法操作:Css
[ 2013-08-26T10:37:01+08:00 ] ERR: (ThinkException) 非法操作:Css
[ 2013-08-26T10:37:02+08:00 ] ERR: (ThinkException) 非法操作:apps
[ 2013-08-26T10:37:05+08:00 ] ERR: (ThinkException) 非法操作:Css
[ 2013-08-26T10:37:08+08:00 ] ERR: (ThinkException) 非法操作:Css
[ 2013-08-26T10:37:09+08:00 ] ERR: (ThinkException) 非法操作:apps
[ 2013-08-26T10:37:13+08:00 ] ERR: (ThinkException) 非法操作:Css
[ 2013-08-26T10:37:17+08:00 ] ERR: (ThinkException) 非法操作:Css
[ 2013-08-26T10:37:34+08:00 ] ERR: (ThinkException) 非法操作:Css
[ 2013-08-26T10:37:36+08:00 ] ERR: (ThinkException) 非法操作:Css
[ 2013-08-26T10:37:37+08:00 ] ERR: (ThinkException) 非法操作:Css
[ 2013-08-26T10:37:42+08:00 ] ERR: (ThinkException) 非法操作:Css
[ 2013-08-26T10:37:44+08:00 ] ERR: (ThinkException) 非法操作:Css
[ 2013-08-26T10:37:44+08:00 ] ERR: (ThinkException) 无法加载模块:Client
[ 2013-08-26T10:37:47+08:00 ] ERR: (ThinkException) 非法操作:Css
[ 2013-08-26T10:37:49+08:00 ] ERR: (ThinkException) 非法操作:Css
[ 2013-08-26T10:38:09+08:00 ] ERR: (ThinkException) 非法操作:Css
[ 2013-08-26T10:38:11+08:00 ] ERR: (ThinkException) 非法操作:Css
[ 2013-08-26T10:38:12+08:00 ] ERR: (ThinkException) 非法操作:Css
[ 2013-08-26T10:38:13+08:00 ] ERR: (ThinkException) 非法操作:Images
[ 2013-08-26T10:38:14+08:00 ] ERR: (ThinkException) 非法操作:Images
[ 2013-08-26T10:38:16+08:00 ] ERR: (ThinkException) 非法操作:Css
[ 2013-08-26T10:38:17+08:00 ] ERR: (ThinkException) 非法操作:Css
[ 2013-08-26T10:38:18+08:00 ] ERR: (ThinkException) 非法操作:Images
[ 2013-08-26T10:38:18+08:00 ] ERR: (ThinkException) 非法操作:Images
[ 2013-08-26T13:35:19+08:00 ] ERR: (ThinkException) 非法操作:Images
[ 2013-08-26T13:35:20+08:00 ] ERR: (ThinkException) 非法操作:Images
[ 2013-08-26T13:35:20+08:00 ] ERR: (ThinkException) 无法加载模块:html
[ 2013-08-26T13:35:20+08:00 ] ERR: (ThinkException) 无法加载模块:html
[ 2013-08-26T13:35:20+08:00 ] ERR: (ThinkException) 无法加载模块:html
[ 2013-08-26T13:35:20+08:00 ] ERR: (ThinkException) 无法加载模块:html
[ 2013-08-26T13:35:20+08:00 ] ERR: (ThinkException) 无法加载模块:html
[ 2013-08-26T13:35:20+08:00 ] ERR: (ThinkException) 无法加载模块:html
[ 2013-08-26T13:35:33+08:00 ] ERR: (ThinkException) 无法加载模块:School
[ 2013-08-26T13:35:38+08:00 ] ERR: (ThinkException) 非法操作:Images
[ 2013-08-26T13:35:39+08:00 ] ERR: (ThinkException) 非法操作:Images
[ 2013-08-26T13:35:39+08:00 ] ERR: (ThinkException) 无法加载模块:html
[ 2013-08-26T13:35:39+08:00 ] ERR: (ThinkException) 无法加载模块:html
[ 2013-08-26T13:35:39+08:00 ] ERR: (ThinkException) 无法加载模块:html
[ 2013-08-26T13:35:39+08:00 ] ERR: (ThinkException) 无法加载模块:html
[ 2013-08-26T13:35:39+08:00 ] ERR: (ThinkException) 无法加载模块:html
[ 2013-08-26T13:35:40+08:00 ] ERR: (ThinkException) 无法加载模块:html
[ 2013-08-26T13:36:04+08:00 ] ERR: (ThinkException) 无法加载模块:School
[ 2013-08-26T13:36:40+08:00 ] ERR: (ThinkException) 非法操作:Images
[ 2013-08-26T13:36:41+08:00 ] ERR: (ThinkException) 非法操作:Images
[ 2013-08-26T13:36:41+08:00 ] ERR: (ThinkException) 无法加载模块:html
[ 2013-08-26T13:36:41+08:00 ] ERR: (ThinkException) 无法加载模块:html
[ 2013-08-26T13:36:41+08:00 ] ERR: (ThinkException) 无法加载模块:html
[ 2013-08-26T13:36:41+08:00 ] ERR: (ThinkException) 无法加载模块:html
[ 2013-08-26T13:36:41+08:00 ] ERR: (ThinkException) 无法加载模块:html
[ 2013-08-26T13:36:41+08:00 ] ERR: (ThinkException) 无法加载模块:html
[ 2013-08-26T13:38:25+08:00 ] ERR: (ThinkException) 非法操作:Images
[ 2013-08-26T13:38:26+08:00 ] ERR: (ThinkException) 无法加载模块:html
[ 2013-08-26T13:38:26+08:00 ] ERR: (ThinkException) 无法加载模块:html
[ 2013-08-26T13:38:27+08:00 ] ERR: (ThinkException) 非法操作:Images
[ 2013-08-26T13:38:27+08:00 ] ERR: (ThinkException) 无法加载模块:html
[ 2013-08-26T13:38:27+08:00 ] ERR: (ThinkException) 无法加载模块:html
[ 2013-08-26T13:38:27+08:00 ] ERR: (ThinkException) 无法加载模块:html
[ 2013-08-26T13:38:27+08:00 ] ERR: (ThinkException) 无法加载模块:html
[ 2013-08-26T14:10:20+08:00 ] ERR: (ThinkException) 非法操作:Home
[ 2013-08-26T14:11:47+08:00 ] ERR: (ThinkException) 非法操作:Home
[ 2013-08-26T15:51:10+08:00 ] ERR: (ThinkException) 非法操作:Images
[ 2013-08-26T15:51:11+08:00 ] ERR: (ThinkException) 非法操作:Images
[ 2013-08-26T15:53:40+08:00 ] ERR: (ThinkException) 非法操作:Images
[ 2013-08-26T15:53:41+08:00 ] ERR: (ThinkException) 无法加载模块:Ilc
[ 2013-08-26T15:55:09+08:00 ] ERR: (ThinkException) 非法操作:Images
[ 2013-08-26T15:55:19+08:00 ] ERR: (ThinkException) 非法操作:Images
[ 2013-08-26T15:56:26+08:00 ] ERR: (ThinkException) 非法操作:Images
[ 2013-08-26T15:57:11+08:00 ] ERR: (ThinkException) 非法操作:Images
[ 2013-08-26T16:03:06+08:00 ] ERR: (ThinkException) 非法操作:Images
[ 2013-08-26T16:03:13+08:00 ] ERR: (ThinkException) 非法操作:Images
[ 2013-08-26T16:09:32+08:00 ] ERR: (ThinkException) 非法操作:Images
[ 2013-08-26T16:09:33+08:00 ] ERR: (ThinkException) 非法操作:Images
[ 2013-08-26T16:10:34+08:00 ] ERR: (ThinkException) 非法操作:Images
[ 2013-08-26T16:10:35+08:00 ] ERR: (ThinkException) 非法操作:Images
[ 2013-08-26T16:13:21+08:00 ] ERR: (ThinkException) 非法操作:Images
[ 2013-08-26T16:13:26+08:00 ] ERR: (ThinkException) 非法操作:Images
[ 2013-08-26T16:14:41+08:00 ] ERR: (ThinkException) 非法操作:Images
[ 2013-08-26T16:14:48+08:00 ] ERR: (ThinkException) 非法操作:Images
[ 2013-08-26T16:19:23+08:00 ] ERR: (ThinkException) 非法操作:Images
[ 2013-08-26T16:19:24+08:00 ] ERR: (ThinkException) 非法操作:Images
[ 2013-08-26T16:19:32+08:00 ] ERR: (ThinkException) 非法操作:Images
[ 2013-08-26T16:20:05+08:00 ] ERR: (ThinkException) 非法操作:Images
[ 2013-08-26T16:22:59+08:00 ] ERR: (ThinkException) 非法操作:Images
[ 2013-08-26T16:23:08+08:00 ] ERR: (ThinkException) 非法操作:Images
[ 2013-08-26T16:28:02+08:00 ] ERR: (ThinkException) 非法操作:Images
[ 2013-08-26T16:28:17+08:00 ] ERR: (ThinkException) 非法操作:Images
[ 2013-08-26T16:28:25+08:00 ] ERR: (ThinkException) 非法操作:Images
[ 2013-08-26T16:29:42+08:00 ] ERR: (ThinkException) 非法操作:Images
[ 2013-08-26T16:30:51+08:00 ] ERR: (ThinkException) 无法加载模块:favicon.ico
[ 2013-08-26T16:31:19+08:00 ] ERR: (ThinkException) 无法加载模块:favicon.ico
[ 2013-08-26T16:31:27+08:00 ] ERR: (ThinkException) 无法加载模块:favicon.ico
[ 2013-08-26T16:31:30+08:00 ] ERR: (ThinkException) 无法加载模块:favicon.ico
[ 2013-08-26T16:31:32+08:00 ] ERR: (ThinkException) 无法加载模块:favicon.ico
[ 2013-08-26T16:31:33+08:00 ] ERR: (ThinkException) 非法操作:Images
[ 2013-08-26T16:44:10+08:00 ] ERR: (ThinkException) 无法加载模块:Ilc
[ 2013-08-26T16:46:08+08:00 ] ERR: (ThinkException) 无法加载模块:Ilc
[ 2013-08-26T16:57:18+08:00 ] ERR: (ThinkException) 非法操作:Images
[ 2013-08-26T16:57:21+08:00 ] ERR: (ThinkException) 非法操作:Images
[ 2013-08-26T16:57:42+08:00 ] ERR: (ThinkException) 无法加载模块:Ilc
[ 2013-08-26T16:58:38+08:00 ] ERR: (ThinkException) 无法加载模块:Ilc
[ 2013-08-26T17:01:04+08:00 ] ERR: (ThinkException) 无法加载模块:Ilc
[ 2013-08-26T17:09:56+08:00 ] ERR: (ThinkException) 非法操作:Images
[ 2013-08-26T17:09:57+08:00 ] ERR: (ThinkException) 非法操作:Images
[ 2013-08-26T17:16:43+08:00 ] ERR: (ThinkException) 非法操作:Images
[ 2013-08-26T17:16:44+08:00 ] ERR: (ThinkException) 非法操作:Images
[ 2013-08-26T17:20:03+08:00 ] ERR: (ThinkException) 非法操作:Images
[ 2013-08-26T17:20:04+08:00 ] ERR: (ThinkException) 非法操作:Images
[ 2013-08-26T17:32:23+08:00 ] ERR: (ThinkException) 非法操作:Images
[ 2013-08-26T17:32:24+08:00 ] ERR: (ThinkException) 非法操作:Images
[ 2013-08-26T17:33:28+08:00 ] ERR: (ThinkException) 非法操作:Images
[ 2013-08-26T17:33:28+08:00 ] ERR: (ThinkException) 非法操作:Images
[ 2013-08-26T17:41:52+08:00 ] ERR: (ThinkException) 非法操作:Images
[ 2013-08-26T17:41:53+08:00 ] ERR: (ThinkException) 非法操作:Images
[ 2013-08-26T17:42:18+08:00 ] ERR: (ThinkException) 非法操作:Images
[ 2013-08-26T17:42:18+08:00 ] ERR: (ThinkException) 非法操作:Images
[ 2013-08-26T17:43:01+08:00 ] ERR: (ThinkException) 非法操作:Images
[ 2013-08-26T17:43:02+08:00 ] ERR: (ThinkException) 非法操作:Images
[ 2013-08-26T17:49:47+08:00 ] ERR: (ThinkException) 非法操作:Images
[ 2013-08-26T17:49:48+08:00 ] ERR: (ThinkException) 非法操作:Images
[ 2013-08-26T17:51:25+08:00 ] ERR: (ThinkException) 非法操作:Images
[ 2013-08-26T17:51:26+08:00 ] ERR: (ThinkException) 非法操作:Images
[ 2013-08-26T17:52:26+08:00 ] ERR: (ThinkException) 非法操作:Images
[ 2013-08-26T17:52:27+08:00 ] ERR: (ThinkException) 非法操作:Images
[ 2013-08-26T17:52:41+08:00 ] ERR: (ThinkException) 非法操作:Images
[ 2013-08-26T17:52:42+08:00 ] ERR: (ThinkException) 非法操作:Images
[ 2013-08-26T17:53:06+08:00 ] ERR: (ThinkException) 非法操作:Images
[ 2013-08-26T17:53:07+08:00 ] ERR: (ThinkException) 非法操作:Images
[ 2013-08-26T17:53:26+08:00 ] ERR: (ThinkException) 非法操作:Images
[ 2013-08-26T17:53:27+08:00 ] ERR: (ThinkException) 非法操作:Images
[ 2013-08-26T17:54:23+08:00 ] ERR: (ThinkException) 非法操作:Images
[ 2013-08-26T17:54:24+08:00 ] ERR: (ThinkException) 非法操作:Images
[ 2013-08-26T17:54:37+08:00 ] ERR: (ThinkException) 非法操作:Images
[ 2013-08-26T17:54:38+08:00 ] ERR: (ThinkException) 非法操作:Images
[ 2013-08-26T17:55:01+08:00 ] ERR: (ThinkException) 非法操作:Images
[ 2013-08-26T17:55:02+08:00 ] ERR: (ThinkException) 非法操作:Images
[ 2013-08-26T17:55:20+08:00 ] ERR: (ThinkException) 非法操作:Images
[ 2013-08-26T17:55:21+08:00 ] ERR: (ThinkException) 非法操作:Images
[ 2013-08-26T17:55:52+08:00 ] ERR: (ThinkException) 非法操作:Images
[ 2013-08-26T17:55:53+08:00 ] ERR: (ThinkException) 非法操作:Images
[ 2013-08-26T17:56:41+08:00 ] ERR: (ThinkException) 非法操作:Images
[ 2013-08-26T17:56:42+08:00 ] ERR: (ThinkException) 非法操作:Images
[ 2013-08-26T17:57:23+08:00 ] ERR: (ThinkException) 非法操作:Images
[ 2013-08-26T17:57:24+08:00 ] ERR: (ThinkException) 非法操作:Images
[ 2013-08-26T17:57:51+08:00 ] ERR: (ThinkException) 非法操作:Images
[ 2013-08-26T17:57:52+08:00 ] ERR: (ThinkException) 非法操作:Images
[ 2013-08-26T17:58:17+08:00 ] ERR: (ThinkException) 非法操作:Images
[ 2013-08-26T17:58:18+08:00 ] ERR: (ThinkException) 非法操作:Images
[ 2013-08-26T17:58:34+08:00 ] ERR: (ThinkException) 非法操作:Images
[ 2013-08-26T17:58:35+08:00 ] ERR: (ThinkException) 非法操作:Images
[ 2013-08-26T18:00:44+08:00 ] ERR: (ThinkException) 非法操作:Images
[ 2013-08-26T18:00:45+08:00 ] ERR: (ThinkException) 非法操作:Images
[ 2013-08-26T18:02:34+08:00 ] ERR: (ThinkException) 非法操作:Images
[ 2013-08-26T18:02:35+08:00 ] ERR: (ThinkException) 非法操作:Images
[ 2013-08-26T18:03:26+08:00 ] ERR: (ThinkException) 非法操作:Images
[ 2013-08-26T18:03:27+08:00 ] ERR: (ThinkException) 非法操作:Images
[ 2013-08-26T18:04:05+08:00 ] ERR: (ThinkException) 非法操作:Images
[ 2013-08-26T18:04:06+08:00 ] ERR: (ThinkException) 非法操作:Images
[ 2013-08-26T18:04:13+08:00 ] ERR: (ThinkException) 非法操作:Images
[ 2013-08-26T18:04:14+08:00 ] ERR: (ThinkException) 非法操作:Images
